\BOOKMARK [1][-]{section.1}{Competition description}{}% 1
\BOOKMARK [2][-]{subsection.1.1}{Background and impact}{section.1}% 2
\BOOKMARK [3][-]{subsubsection.1.1.1}{Domain Interest}{subsection.1.1}% 3
\BOOKMARK [2][-]{subsection.1.2}{Novelty}{section.1}% 4
\BOOKMARK [2][-]{subsection.1.3}{Data}{section.1}% 5
\BOOKMARK [3][-]{subsubsection.1.3.1}{Environment}{subsection.1.3}% 6
\BOOKMARK [3][-]{subsubsection.1.3.2}{Dataset}{subsection.1.3}% 7
\BOOKMARK [3][-]{subsubsection.1.3.3}{Data Collection}{subsection.1.3}% 8
\BOOKMARK [3][-]{subsubsection.1.3.4}{Data Usefulness}{subsection.1.3}% 9
\BOOKMARK [2][-]{subsection.1.4}{Tasks and application scenarios}{section.1}% 10
\BOOKMARK [3][-]{subsubsection.1.4.1}{Task}{subsection.1.4}% 11
\BOOKMARK [2][-]{subsection.1.5}{Metrics}{section.1}% 12
\BOOKMARK [2][-]{subsection.1.6}{Baselines, code, and material provided}{section.1}% 13
\BOOKMARK [2][-]{subsection.1.7}{Tutorial and documentation}{section.1}% 14
\BOOKMARK [1][-]{section.2}{Organizational aspects}{}% 15
\BOOKMARK [2][-]{subsection.2.1}{Protocol}{section.2}% 16
\BOOKMARK [3][-]{subsubsection.2.1.1}{Submission Protocol}{subsection.2.1}% 17
\BOOKMARK [3][-]{subsubsection.2.1.2}{General Competition Structure}{subsection.2.1}% 18
\BOOKMARK [2][-]{subsection.2.2}{Rules}{section.2}% 19
\BOOKMARK [2][-]{subsection.2.3}{Schedule and readiness}{section.2}% 20
\BOOKMARK [3][-]{subsubsection.2.3.1}{Schedule}{subsection.2.3}% 21
\BOOKMARK [3][-]{subsubsection.2.3.2}{Readiness.}{subsection.2.3}% 22
\BOOKMARK [2][-]{subsection.2.4}{Competition promotion}{section.2}% 23
\BOOKMARK [1][-]{section.3}{Resources}{}% 24
\BOOKMARK [2][-]{subsection.3.1}{Organizing team}{section.3}% 25
\BOOKMARK [3][-]{subsubsection.3.1.1}{Organizers}{subsection.3.1}% 26
\BOOKMARK [3][-]{subsubsection.3.1.2}{Advisors}{subsection.3.1}% 27
\BOOKMARK [3][-]{subsubsection.3.1.3}{Partners and Sponsors}{subsection.3.1}% 28
\BOOKMARK [2][-]{subsection.3.2}{Resources provided by organizers, including prizes}{section.3}% 29
\BOOKMARK [2][-]{subsection.3.3}{Support and facilities requested}{section.3}% 30
